

Microchip MPLAB XC8 Assembler V2.36 build 20220127204148 
                                                                                               Tue May 24 15:41:17 2022

Microchip MPLAB XC8 C Compiler v2.36 (Free license) build 20220127204148 Og1 
     1                           	processor	16F84A
     2                           	pagewidth 120
     3                           	opt	flic
     4                           	psect	cinit,global,class=CODE,merge=1,delta=2
     5                           	psect	cstackCOMMON,global,class=COMMON,space=1,delta=1,noexec
     6                           	psect	cstackBANK0,global,class=BANK0,space=1,delta=1,noexec
     7                           	psect	maintext,global,class=CODE,split=1,delta=2
     8                           	psect	idloc,global,abs,ovrld,class=IDLOC,space=5,delta=2,noexec
     9                           	psect	config,global,abs,ovrld,class=CONFIG,space=4,delta=2,noexec
    10                           	dabs	1,0x4E,2
    11  0000                     
    12                           ; Version 2.36
    13                           ; Generated 28/01/2022 GMT
    14                           ; 
    15                           ; Copyright © 2022, Microchip Technology Inc. and its subsidiaries ("Microchip")
    16                           ; All rights reserved.
    17                           ; 
    18                           ; This software is developed by Microchip Technology Inc. and its subsidiaries ("Microch
      +                          ip").
    19                           ; 
    20                           ; Redistribution and use in source and binary forms, with or without modification, are
    21                           ; permitted provided that the following conditions are met:
    22                           ; 
    23                           ;     1. Redistributions of source code must retain the above copyright notice, this lis
      +                          t of
    24                           ;        conditions and the following disclaimer.
    25                           ; 
    26                           ;     2. Redistributions in binary form must reproduce the above copyright notice, this 
      +                          list
    27                           ;        of conditions and the following disclaimer in the documentation and/or other
    28                           ;        materials provided with the distribution. Publication is not required when
    29                           ;        this file is used in an embedded application.
    30                           ; 
    31                           ;     3. Microchip's name may not be used to endorse or promote products derived from th
      +                          is
    32                           ;        software without specific prior written permission.
    33                           ; 
    34                           ; THIS SOFTWARE IS PROVIDED BY MICROCHIP "AS IS" AND ANY EXPRESS OR IMPLIED WARRANTIES,
    35                           ; INCLUDING, BUT NOT LIMITED TO, THE IMPLIED WARRANTIES OF MERCHANTABILITY AND FITNESS F
      +                          OR
    36                           ; PURPOSE ARE DISCLAIMED.  IN NO EVENT SHALL MICROCHIP BE LIABLE FOR ANY DIRECT, INDIREC
      +                          T,
    37                           ; INCIDENTAL, SPECIAL, EXEMPLARY, OR CONSEQUENTIAL DAMAGES (INCLUDING BUT NOT LIMITED TO
    38                           ; PROCUREMENT OF SUBSTITUTE GOODS OR SERVICES; LOSS OF USE, DATA OR PROFITS; OR BUSINESS
    39                           ; INTERRUPTION) HOWSOEVER CAUSED AND ON ANY THEORY OF LIABILITY, WHETHER IN CONTRACT, ST
      +                          RICT
    40                           ; LIABILITY, OR TORT (INCLUDING NEGLIGENCE OR OTHERWISE) ARISING IN ANY WAY OUT OF THE U
      +                          SE OF
    41                           ; THIS SOFTWARE, EVEN IF ADVISED OF THE POSSIBILITY OF SUCH DAMAGE.
    42                           ; 
    43                           ; 
    44                           ; Code-generator required, PIC16F84A Definitions
    45                           ; 
    46                           ; SFR Addresses
    47  0000                     	;# 
    48  0001                     	;# 
    49  0002                     	;# 
    50  0003                     	;# 
    51  0004                     	;# 
    52  0005                     	;# 
    53  0006                     	;# 
    54  0008                     	;# 
    55  0009                     	;# 
    56  000A                     	;# 
    57  000B                     	;# 
    58  0081                     	;# 
    59  0085                     	;# 
    60  0086                     	;# 
    61  0088                     	;# 
    62  0089                     	;# 
    63  0000                     	;# 
    64  0001                     	;# 
    65  0002                     	;# 
    66  0003                     	;# 
    67  0004                     	;# 
    68  0005                     	;# 
    69  0006                     	;# 
    70  0008                     	;# 
    71  0009                     	;# 
    72  000A                     	;# 
    73  000B                     	;# 
    74  0081                     	;# 
    75  0085                     	;# 
    76  0086                     	;# 
    77  0088                     	;# 
    78  0089                     	;# 
    79  0006                     _PORTB	set	6
    80  0005                     _PORTA	set	5
    81  0032                     _RB2	set	50
    82  0031                     _RB1	set	49
    83  0030                     _RB0	set	48
    84  0085                     _TRISA	set	133
    85  0086                     _TRISB	set	134
    86                           
    87                           	psect	cinit
    88  03FE                     start_initialization:	
    89                           ; #config settings
    90                           
    91  03FE                     __initialization:
    92  03FE                     end_of_initialization:	
    93                           ;End of C runtime variable initialization code
    94                           
    95  03FE                     __end_of__initialization:
    96  03FE  0183               	clrf	3
    97  03FF  2BB9               	ljmp	_main	;jump to C main() function
    98                           
    99                           	psect	cstackCOMMON
   100  0000                     __pcstackCOMMON:
   101  0000                     ??_main:
   102                           
   103                           	psect	cstackBANK0
   104  0000                     __pcstackBANK0:	
   105                           ; 1 bytes @ 0x0
   106                           
   107  0000                     ?_main:
   108                           
   109                           	psect	maintext
   110  03B9                     __pmaintext:	
   111                           ; 1 bytes @ 0x0
   112 ;;
   113 ;;Main: autosize = 0, tempsize = 0, incstack = 0, save=0
   114 ;;
   115 ;; *************** function _main *****************
   116 ;; Defined at:
   117 ;;		line 9 in file "newmain.c"
   118 ;; Parameters:    Size  Location     Type
   119 ;;		None
   120 ;; Auto vars:     Size  Location     Type
   121 ;;		None
   122 ;; Return value:  Size  Location     Type
   123 ;;                  1    wreg      void 
   124 ;; Registers used:
   125 ;;		wreg, status,2
   126 ;; Tracked objects:
   127 ;;		On entry : B00/0
   128 ;;		On exit  : 0/0
   129 ;;		Unchanged: 0/0
   130 ;; Data sizes:     COMMON   BANK0
   131 ;;      Params:         0       0
   132 ;;      Locals:         0       0
   133 ;;      Temps:          0       0
   134 ;;      Totals:         0       0
   135 ;;Total ram usage:        0 bytes
   136 ;; This function calls:
   137 ;;		Nothing
   138 ;; This function is called by:
   139 ;;		Startup code after reset
   140 ;; This function uses a non-reentrant model
   141 ;;
   142                           
   143  03B9                     _main:	
   144                           ;psect for function _main
   145                           
   146  03B9                     l669:	
   147                           ;incstack = 0
   148                           ; Regs used in _main: [wreg+status,2]
   149                           
   150                           
   151                           ;newmain.c: 11:             PORTA=0X01;
   152  03B9  3007               	movlw	7
   153  03BA  1683               	bsf	3,5	;RP0=1, select bank1
   154  03BB  0086               	movwf	6	;volatile
   155  03BC                     l671:
   156                           
   157                           ;newmain.c: 12:         if(1 == RB1)
   158  03BC  0185               	clrf	5	;volatile
   159  03BD                     l673:
   160                           
   161                           ;newmain.c: 13:             PORTA=0X02;
   162  03BD  1283               	bcf	3,5	;RP0=0, select bank0
   163  03BE  0185               	clrf	5	;volatile
   164  03BF                     l675:
   165                           
   166                           ;newmain.c: 14:         if(1 == RB2)
   167  03BF  0186               	clrf	6	;volatile
   168  03C0                     l677:
   169                           
   170                           ;newmain.c: 17: ;newmain.c: 18:         PORTB=0b00010000;
   171  03C0  3008               	movlw	8
   172  03C1  0086               	movwf	6	;volatile
   173  03C2                     l679:
   174                           
   175                           ;newmain.c: 19:         if(1 == RB0)
   176  03C2  1C06               	btfss	6,0	;volatile
   177  03C3  2BC5               	goto	u101
   178  03C4  2BC6               	goto	u100
   179  03C5                     u101:
   180  03C5  2BC8               	goto	l683
   181  03C6                     u100:
   182  03C6                     l681:
   183                           
   184                           ;newmain.c: 20:             PORTA=0X04;
   185  03C6  3001               	movlw	1
   186  03C7  0085               	movwf	5	;volatile
   187  03C8                     l683:
   188                           
   189                           ;newmain.c: 21:         if(1 == RB1)
   190  03C8  1C86               	btfss	6,1	;volatile
   191  03C9  2BCB               	goto	u111
   192  03CA  2BCC               	goto	u110
   193  03CB                     u111:
   194  03CB  2BCE               	goto	l687
   195  03CC                     u110:
   196  03CC                     l685:
   197                           
   198                           ;newmain.c: 22:             PORTA=0X05;
   199  03CC  3002               	movlw	2
   200  03CD  0085               	movwf	5	;volatile
   201  03CE                     l687:
   202                           
   203                           ;newmain.c: 23:         if(1 == RB2)
   204  03CE  1D06               	btfss	6,2	;volatile
   205  03CF  2BD1               	goto	u121
   206  03D0  2BD2               	goto	u120
   207  03D1                     u121:
   208  03D1  2BD4               	goto	l22
   209  03D2                     u120:
   210  03D2                     l689:
   211                           
   212                           ;newmain.c: 24:             PORTA=0X06;
   213  03D2  3003               	movlw	3
   214  03D3  0085               	movwf	5	;volatile
   215  03D4                     l22:
   216                           
   217                           ;newmain.c: 27:         PORTB=0b00100000;
   218  03D4  3010               	movlw	16
   219  03D5  0086               	movwf	6	;volatile
   220  03D6                     l691:
   221                           
   222                           ;newmain.c: 28:         if(1 == RB0)
   223  03D6  1C06               	btfss	6,0	;volatile
   224  03D7  2BD9               	goto	u131
   225  03D8  2BDA               	goto	u130
   226  03D9                     u131:
   227  03D9  2BDC               	goto	l695
   228  03DA                     u130:
   229  03DA                     l693:
   230                           
   231                           ;newmain.c: 29:             PORTA=0X07;
   232  03DA  3004               	movlw	4
   233  03DB  0085               	movwf	5	;volatile
   234  03DC                     l695:
   235                           
   236                           ;newmain.c: 30:         if(1 == RB1)
   237  03DC  1C86               	btfss	6,1	;volatile
   238  03DD  2BDF               	goto	u141
   239  03DE  2BE0               	goto	u140
   240  03DF                     u141:
   241  03DF  2BE2               	goto	l699
   242  03E0                     u140:
   243  03E0                     l697:
   244                           
   245                           ;newmain.c: 31:             PORTA=0X08;
   246  03E0  3005               	movlw	5
   247  03E1  0085               	movwf	5	;volatile
   248  03E2                     l699:
   249                           
   250                           ;newmain.c: 32:         if(1 == RB2)
   251  03E2  1D06               	btfss	6,2	;volatile
   252  03E3  2BE5               	goto	u151
   253  03E4  2BE6               	goto	u150
   254  03E5                     u151:
   255  03E5  2BE8               	goto	l25
   256  03E6                     u150:
   257  03E6                     l701:
   258                           
   259                           ;newmain.c: 33:             PORTA=0X09;
   260  03E6  3006               	movlw	6
   261  03E7  0085               	movwf	5	;volatile
   262  03E8                     l25:
   263                           
   264                           ;newmain.c: 36: }
   265  03E8  3020               	movlw	32
   266  03E9  0086               	movwf	6	;volatile
   267  03EA                     l703:
   268  03EA  1C06               	btfss	6,0	;volatile
   269  03EB  2BED               	goto	u161
   270  03EC  2BEE               	goto	u160
   271  03ED                     u161:
   272  03ED  2BF0               	goto	l707
   273  03EE                     u160:
   274  03EE                     l705:
   275  03EE  3007               	movlw	7
   276  03EF  0085               	movwf	5	;volatile
   277  03F0                     l707:
   278  03F0  1C86               	btfss	6,1	;volatile
   279  03F1  2BF3               	goto	u171
   280  03F2  2BF4               	goto	u170
   281  03F3                     u171:
   282  03F3  2BF6               	goto	l711
   283  03F4                     u170:
   284  03F4                     l709:
   285  03F4  3008               	movlw	8
   286  03F5  0085               	movwf	5	;volatile
   287  03F6                     l711:
   288  03F6  1D06               	btfss	6,2	;volatile
   289  03F7  2BF9               	goto	u181
   290  03F8  2BFA               	goto	u180
   291  03F9                     u181:
   292  03F9  2BC0               	goto	l677
   293  03FA                     u180:
   294  03FA                     l713:
   295  03FA  3009               	movlw	9
   296  03FB  0085               	movwf	5	;volatile
   297  03FC  2BC0               	goto	l677
   298  03FD  2800               	ljmp	start
   299  03FE                     __end_of_main:
   300  004E                     btemp	set	78	;btemp
   301  004E                     wtemp0	set	78
   302                           
   303                           	psect	idloc
   304                           
   305                           ;Config register IDLOC0 @ 0x2000
   306                           ;	unspecified, using default values
   307  2000                     	org	8192
   308  2000  3FFF               	dw	16383
   309                           
   310                           ;Config register IDLOC1 @ 0x2001
   311                           ;	unspecified, using default values
   312  2001                     	org	8193
   313  2001  3FFF               	dw	16383
   314                           
   315                           ;Config register IDLOC2 @ 0x2002
   316                           ;	unspecified, using default values
   317  2002                     	org	8194
   318  2002  3FFF               	dw	16383
   319                           
   320                           ;Config register IDLOC3 @ 0x2003
   321                           ;	unspecified, using default values
   322  2003                     	org	8195
   323  2003  3FFF               	dw	16383
   324                           
   325                           	psect	config
   326                           
   327                           ;Config register CONFIG @ 0x2007
   328                           ;	Oscillator Selection bits
   329                           ;	FOSC = XT, XT oscillator
   330                           ;	Watchdog Timer
   331                           ;	WDTE = OFF, WDT disabled
   332                           ;	Power-up Timer Enable bit
   333                           ;	PWRTE = OFF, Power-up Timer is disabled
   334                           ;	Code Protection bit
   335                           ;	CP = OFF, Code protection disabled
   336  2007                     	org	8199
   337  2007  3FF9               	dw	16377

Data Sizes:
    Strings     0
    Constant    0
    Data        0
    BSS         0
    Persistent  0
    Stack       0

Auto Spaces:
    Space          Size  Autos    Used
    COMMON            0      0       0
    BANK0            66      0       0

Pointer List with Targets:

    None.

Critical Paths under _main in COMMON

    None.

Critical Paths under _main in BANK0

    None.

Call Graph Tables:

 ---------------------------------------------------------------------------------
 (Depth) Function   	        Calls       Base Space   Used Autos Params    Refs
 ---------------------------------------------------------------------------------
 (0) _main                                                 0     0      0       0
 ---------------------------------------------------------------------------------
 Estimated maximum stack depth 0
 ---------------------------------------------------------------------------------

 Call Graph Graphs:

 _main (ROOT)

 Address spaces:
Name               Size   Autos  Total    Cost      Usage
BITCOMMON            0      0       0       0        0.0%
EEDATA              40      0       0       0        0.0%
NULL                 0      0       0       0        0.0%
CODE                 0      0       0       0        0.0%
BITSFR0              0      0       0       1        0.0%
SFR0                 0      0       0       1        0.0%
COMMON               0      0       0       1        0.0%
BITSFR1              0      0       0       2        0.0%
SFR1                 0      0       0       2        0.0%
STACK                0      0       0       2        0.0%
BANK0               42      0       0       3        0.0%
ABS                  0      0       0       4        0.0%
BITBANK0            42      0       0       5        0.0%
DATA                 0      0       0       6        0.0%


Microchip Technology PIC Macro Assembler V2.36 build 20220127204148 
Symbol Table                                                                                   Tue May 24 15:41:17 2022

                     l22 03D4                       l25 03E8                      l701 03E6  
                    l711 03F6                      l703 03EA                      l713 03FA  
                    l705 03EE                      l707 03F0                      l709 03F4  
                    l671 03BC                      l681 03C6                      l673 03BD  
                    l691 03D6                      l683 03C8                      l675 03BF  
                    l693 03DA                      l685 03CC                      l677 03C0  
                    l669 03B9                      l695 03DC                      l687 03CE  
                    l679 03C2                      l697 03E0                      l689 03D2  
                    l699 03E2                      _RB0 0030                      _RB1 0031  
                    _RB2 0032                      u100 03C6                      u101 03C5  
                    u110 03CC                      u111 03CB                      u120 03D2  
                    u121 03D1                      u130 03DA                      u131 03D9  
                    u140 03E0                      u141 03DF                      u150 03E6  
                    u151 03E5                      u160 03EE                      u161 03ED  
                    u170 03F4                      u171 03F3                      u180 03FA  
                    u181 03F9                     _main 03B9                     btemp 004E  
                   start 0000                    ?_main 0000                    _PORTA 0005  
                  _PORTB 0006                    _TRISA 0085                    _TRISB 0086  
                  status 0003                    wtemp0 004E          __initialization 03FE  
           __end_of_main 03FE                   ??_main 0000  __end_of__initialization 03FE  
         __pcstackCOMMON 0000               __pmaintext 03B9     end_of_initialization 03FE  
    start_initialization 03FE                ___latbits 0000            __pcstackBANK0 0000  
